
 ====== C ====== 

% time     seconds  usecs/call     calls    errors syscall
------ ----------- ----------- --------- --------- ----------------
 21,60    0,000027           2        10           write
 21,60    0,000027           3         7           mmap
 13,60    0,000017          17         1         1 access
  8,80    0,000011           3         3           mprotect
  8,80    0,000011          11         1           munmap
  7,20    0,000009           4         2           openat
  4,80    0,000006           2         3           fstat
  2,40    0,000003           1         2           close
  2,40    0,000003           1         3           brk
  1,60    0,000002           2         1           read
  1,60    0,000002           2         1           set_robust_list
  1,60    0,000002           2         1           prlimit64
  1,60    0,000002           2         1           getrandom
  0,80    0,000001           1         1           arch_prctl
  0,80    0,000001           1         1           set_tid_address
  0,80    0,000001           1         1           rseq
  0,00    0,000000           0         1           execve
------ ----------- ----------- --------- --------- ----------------
100,00    0,000125           3        40         1 total

% time     seconds  usecs/call     calls    errors syscall
------ ----------- ----------- --------- --------- ----------------
  0,00    0,000000           0         1           read
  0,00    0,000000           0       100           write
  0,00    0,000000           0         2           close
  0,00    0,000000           0         3           fstat
  0,00    0,000000           0         7           mmap
  0,00    0,000000           0         3           mprotect
  0,00    0,000000           0         1           munmap
  0,00    0,000000           0         3           brk
  0,00    0,000000           0         1         1 access
  0,00    0,000000           0         1           execve
  0,00    0,000000           0         1           arch_prctl
  0,00    0,000000           0         1           set_tid_address
  0,00    0,000000           0         2           openat
  0,00    0,000000           0         1           set_robust_list
  0,00    0,000000           0         1           prlimit64
  0,00    0,000000           0         1           getrandom
  0,00    0,000000           0         1           rseq
------ ----------- ----------- --------- --------- ----------------
100,00    0,000000           0       130         1 total

% time     seconds  usecs/call     calls    errors syscall
------ ----------- ----------- --------- --------- ----------------
 92,90    0,003155           3      1000           write
  3,47    0,000118          16         7           mmap
  1,00    0,000034          34         1           munmap
  0,82    0,000028          14         2           openat
  0,53    0,000018           6         3           mprotect
  0,32    0,000011           3         3           brk
  0,24    0,000008           2         3           fstat
  0,21    0,000007           7         1           read
  0,12    0,000004           2         2           close
  0,09    0,000003           3         1           getrandom
  0,06    0,000002           2         1           arch_prctl
  0,06    0,000002           2         1           set_tid_address
  0,06    0,000002           2         1           set_robust_list
  0,06    0,000002           2         1           prlimit64
  0,06    0,000002           2         1           rseq
  0,00    0,000000           0         1         1 access
  0,00    0,000000           0         1           execve
------ ----------- ----------- --------- --------- ----------------
100,00    0,003396           3      1030         1 total

% time     seconds  usecs/call     calls    errors syscall
------ ----------- ----------- --------- --------- ----------------
100,00    0,020242           2     10000           write
  0,00    0,000000           0         1           read
  0,00    0,000000           0         2           close
  0,00    0,000000           0         3           fstat
  0,00    0,000000           0         7           mmap
  0,00    0,000000           0         3           mprotect
  0,00    0,000000           0         1           munmap
  0,00    0,000000           0         3           brk
  0,00    0,000000           0         1         1 access
  0,00    0,000000           0         1           execve
  0,00    0,000000           0         1           arch_prctl
  0,00    0,000000           0         1           set_tid_address
  0,00    0,000000           0         2           openat
  0,00    0,000000           0         1           set_robust_list
  0,00    0,000000           0         1           prlimit64
  0,00    0,000000           0         1           getrandom
  0,00    0,000000           0         1           rseq
------ ----------- ----------- --------- --------- ----------------
100,00    0,020242           2     10030         1 total

% time     seconds  usecs/call     calls    errors syscall
------ ----------- ----------- --------- --------- ----------------
100,00    0,217744           2    100000           write
  0,00    0,000000           0         1           read
  0,00    0,000000           0         2           close
  0,00    0,000000           0         3           fstat
  0,00    0,000000           0         7           mmap
  0,00    0,000000           0         3           mprotect
  0,00    0,000000           0         1           munmap
  0,00    0,000000           0         3           brk
  0,00    0,000000           0         1         1 access
  0,00    0,000000           0         1           execve
  0,00    0,000000           0         1           arch_prctl
  0,00    0,000000           0         1           set_tid_address
  0,00    0,000000           0         2           openat
  0,00    0,000000           0         1           set_robust_list
  0,00    0,000000           0         1           prlimit64
  0,00    0,000000           0         1           getrandom
  0,00    0,000000           0         1           rseq
------ ----------- ----------- --------- --------- ----------------
100,00    0,217744           2    100030         1 total

% time     seconds  usecs/call     calls    errors syscall
------ ----------- ----------- --------- --------- ----------------
100,00    2,106474           2   1000000           write
  0,00    0,000009           9         1           munmap
  0,00    0,000004           1         3           mprotect
  0,00    0,000003           1         3           brk
  0,00    0,000002           0         3           fstat
  0,00    0,000002           2         1           getrandom
  0,00    0,000001           1         1           prlimit64
  0,00    0,000000           0         1           read
  0,00    0,000000           0         2           close
  0,00    0,000000           0         7           mmap
  0,00    0,000000           0         1         1 access
  0,00    0,000000           0         1           execve
  0,00    0,000000           0         1           arch_prctl
  0,00    0,000000           0         1           set_tid_address
  0,00    0,000000           0         2           openat
  0,00    0,000000           0         1           set_robust_list
  0,00    0,000000           0         1           rseq
------ ----------- ----------- --------- --------- ----------------
100,00    2,106495           2   1000030         1 total

