
 ====== Javascript ====== 

% time     seconds  usecs/call     calls    errors syscall
------ ----------- ----------- --------- --------- ------------------
 24,53    0,000570           7        76           munmap
 20,65    0,000480           4       116           mmap
 17,94    0,000417          12        33         1 openat
  7,31    0,000170          12        14           statx
  4,39    0,000102           1        60           read
  4,17    0,000097           1        64           mprotect
  3,36    0,000078           0        92           brk
  3,10    0,000072           7        10           clone3
  2,93    0,000068           0        72         1 futex
  2,24    0,000052           1        38           close
  2,15    0,000050          25         2           io_uring_setup
  1,29    0,000030           0        35           fstat
  1,29    0,000030           0        34           madvise
  1,12    0,000026           0        37           rt_sigprocmask
  0,56    0,000013           4         3           pipe2
  0,43    0,000010           1         7         3 newfstatat
  0,34    0,000008           0        15           write
  0,34    0,000008           0        65           rt_sigaction
  0,26    0,000006           0         9           prlimit64
  0,22    0,000005           2         2           eventfd2
  0,22    0,000005           2         2           epoll_create1
  0,13    0,000003           0        28           getpid
  0,13    0,000003           1         3           gettid
  0,09    0,000002           2         1           uname
  0,09    0,000002           1         2           readlink
  0,09    0,000002           2         1           arch_prctl
  0,09    0,000002           1         2           getdents64
  0,09    0,000002           2         1           set_tid_address
  0,09    0,000002           2         1           set_robust_list
  0,09    0,000002           2         1           rseq
  0,09    0,000002           1         2           io_uring_enter
  0,04    0,000001           0        21         3 ioctl
  0,04    0,000001           0        27        14 fcntl
  0,04    0,000001           1         1           sched_getaffinity
  0,04    0,000001           1         1           dup3
  0,04    0,000001           0         2           getrandom
  0,00    0,000000           0         1         1 access
  0,00    0,000000           0         1           execve
  0,00    0,000000           0         1           getcwd
  0,00    0,000000           0        13           getuid
  0,00    0,000000           0        13           getgid
  0,00    0,000000           0        13           geteuid
  0,00    0,000000           0        13           getegid
  0,00    0,000000           0        13           capget
  0,00    0,000000           0         1         1 epoll_ctl
  0,00    0,000000           0         8           epoll_pwait
------ ----------- ----------- --------- --------- ------------------
100,00    0,002324           2       957        24 total

% time     seconds  usecs/call     calls    errors syscall
------ ----------- ----------- --------- --------- ------------------
 29,29    0,000299           2       105           write
 26,54    0,000271           3        77           munmap
  9,11    0,000093           0       117           mmap
  7,84    0,000080           1        65           mprotect
  4,80    0,000049           0        62         1 futex
  3,82    0,000039           0        65           rt_sigaction
  2,06    0,000021           0        38           close
  1,96    0,000020           0        21         3 ioctl
  1,86    0,000019           0        93           brk
  1,86    0,000019           1        10           clone3
  1,76    0,000018           0        37           rt_sigprocmask
  1,76    0,000018           0        35           madvise
  1,57    0,000016           0        35           fstat
  1,18    0,000012           0        14           statx
  1,08    0,000011           0        27        14 fcntl
  1,08    0,000011           5         2           io_uring_enter
  0,69    0,000007           0         9           prlimit64
  0,39    0,000004           0        59           read
  0,39    0,000004           2         2           readlink
  0,29    0,000003           0        28           getpid
  0,29    0,000003           0        33         1 openat
  0,10    0,000001           0        13           getuid
  0,10    0,000001           1         1         1 epoll_ctl
  0,10    0,000001           0         7           epoll_pwait
  0,10    0,000001           0         3           pipe2
  0,00    0,000000           0         1         1 access
  0,00    0,000000           0         1           execve
  0,00    0,000000           0         1           uname
  0,00    0,000000           0         1           getcwd
  0,00    0,000000           0        13           getgid
  0,00    0,000000           0        13           geteuid
  0,00    0,000000           0        13           getegid
  0,00    0,000000           0        13           capget
  0,00    0,000000           0         1           arch_prctl
  0,00    0,000000           0         3           gettid
  0,00    0,000000           0         1           sched_getaffinity
  0,00    0,000000           0         2           getdents64
  0,00    0,000000           0         1           set_tid_address
  0,00    0,000000           0         7         3 newfstatat
  0,00    0,000000           0         1           set_robust_list
  0,00    0,000000           0         2           eventfd2
  0,00    0,000000           0         2           epoll_create1
  0,00    0,000000           0         1           dup3
  0,00    0,000000           0         2           getrandom
  0,00    0,000000           0         1           rseq
  0,00    0,000000           0         2           io_uring_setup
------ ----------- ----------- --------- --------- ------------------
100,00    0,001021           0      1040        24 total

% time     seconds  usecs/call     calls    errors syscall
------ ----------- ----------- --------- --------- ------------------
 25,88    0,000689           0      1006           write
 14,99    0,000399           4        81           munmap
 13,11    0,000349           4        83         7 futex
 12,77    0,000340           2       119           mmap
  6,50    0,000173          19         9           prlimit64
  3,94    0,000105          10        10           clone3
  3,49    0,000093           1        67           mprotect
  3,16    0,000084           1        65           rt_sigaction
  1,95    0,000052           1        33         1 openat
  1,84    0,000049           1        37           rt_sigprocmask
  1,73    0,000046           1        38           close
  1,58    0,000042           0        96           brk
  1,54    0,000041           0        61           read
  1,54    0,000041           1        27        14 fcntl
  1,35    0,000036           1        35           fstat
  0,98    0,000026           1        21         3 ioctl
  0,68    0,000018           0        37           madvise
  0,49    0,000013           6         2           io_uring_setup
  0,34    0,000009           0        29           getpid
  0,30    0,000008           2         3           gettid
  0,30    0,000008           4         2           io_uring_enter
  0,23    0,000006           0        13           capget
  0,15    0,000004           2         2           readlink
  0,11    0,000003           0        13           getuid
  0,11    0,000003           0        13           getgid
  0,11    0,000003           0        13           geteuid
  0,11    0,000003           0         7         3 newfstatat
  0,11    0,000003           1         2           epoll_create1
  0,08    0,000002           0        13           getegid
  0,08    0,000002           2         1           arch_prctl
  0,08    0,000002           1         2           getdents64
  0,08    0,000002           2         1           set_tid_address
  0,08    0,000002           2         1           set_robust_list
  0,08    0,000002           1         2           getrandom
  0,08    0,000002           2         1           rseq
  0,04    0,000001           0         7           epoll_pwait
  0,04    0,000001           0         3           pipe2
  0,00    0,000000           0         1         1 access
  0,00    0,000000           0         1           execve
  0,00    0,000000           0         1           uname
  0,00    0,000000           0         1           getcwd
  0,00    0,000000           0         1           sched_getaffinity
  0,00    0,000000           0         1         1 epoll_ctl
  0,00    0,000000           0         2           eventfd2
  0,00    0,000000           0         1           dup3
  0,00    0,000000           0        14           statx
------ ----------- ----------- --------- --------- ------------------
100,00    0,002662           1      1978        30 total

% time     seconds  usecs/call     calls    errors syscall
------ ----------- ----------- --------- --------- ------------------
 78,37    0,010694           1     10006           write
  5,77    0,000787           9        82           munmap
  5,76    0,000786          12        62           madvise
  2,75    0,000375           2       143         5 futex
  1,70    0,000232           1       118           mmap
  0,65    0,000089           0       110           brk
  0,64    0,000088           1        66           mprotect
  0,62    0,000084           2        33         1 openat
  0,60    0,000082           1        65           rt_sigaction
  0,45    0,000061           1        38           close
  0,32    0,000043           0        62           read
  0,30    0,000041           1        27        14 fcntl
  0,29    0,000040           1        35           fstat
  0,23    0,000032           1        21         3 ioctl
  0,19    0,000026           0        37           rt_sigprocmask
  0,17    0,000023           0        33           getpid
  0,17    0,000023           2        10           clone3
  0,16    0,000022           3         7         3 newfstatat
  0,11    0,000015           1        13           getgid
  0,10    0,000014           1        13           getegid
  0,10    0,000013           1        13           getuid
  0,10    0,000013           1        13           capget
  0,09    0,000012           0        13           geteuid
  0,08    0,000011           1         7           epoll_pwait
  0,07    0,000009           4         2           io_uring_enter
  0,04    0,000005           0         9           prlimit64
  0,04    0,000005           2         2           io_uring_setup
  0,03    0,000004           2         2           getdents64
  0,02    0,000003           1         3           pipe2
  0,01    0,000002           2         1           arch_prctl
  0,01    0,000002           0         3           gettid
  0,01    0,000002           2         1           set_tid_address
  0,01    0,000002           1         2           getrandom
  0,01    0,000001           0         2           readlink
  0,01    0,000001           1         1         1 epoll_ctl
  0,01    0,000001           1         1           set_robust_list
  0,01    0,000001           0         2           eventfd2
  0,01    0,000001           0         2           epoll_create1
  0,01    0,000001           1         1           rseq
  0,00    0,000000           0         1         1 access
  0,00    0,000000           0         1           execve
  0,00    0,000000           0         1           uname
  0,00    0,000000           0         1           getcwd
  0,00    0,000000           0         1           sched_getaffinity
  0,00    0,000000           0         1           dup3
  0,00    0,000000           0        14           statx
------ ----------- ----------- --------- --------- ------------------
100,00    0,013646           1     11081        28 total

% time     seconds  usecs/call     calls    errors syscall
------ ----------- ----------- --------- --------- ------------------
 96,67    0,090381           0    100006           write
  0,91    0,000849           3       238        19 futex
  0,74    0,000688           8        81           munmap
  0,43    0,000404           3       117           mmap
  0,14    0,000135           1       108           brk
  0,14    0,000132           2        65           mprotect
  0,13    0,000126           2        60           madvise
  0,13    0,000125         125         1           execve
  0,13    0,000120           3        33         1 openat
  0,12    0,000109           1        61           read
  0,09    0,000080           1        65           rt_sigaction
  0,05    0,000045           1        38           close
  0,05    0,000045           0        66           getpid
  0,04    0,000041           1        35           fstat
  0,04    0,000036           3        10           clone3
  0,04    0,000033           1        27        14 fcntl
  0,02    0,000020           0        21         3 ioctl
  0,01    0,000014           1        13           capget
  0,01    0,000012           0        37           rt_sigprocmask
  0,01    0,000011           0        13           geteuid
  0,01    0,000011           1         7         3 newfstatat
  0,01    0,000010           0        13           getgid
  0,01    0,000009           0        13           getuid
  0,01    0,000007           3         2           readlink
  0,01    0,000007           0        13           getegid
  0,01    0,000007           3         2           io_uring_enter
  0,01    0,000005           2         2           io_uring_setup
  0,00    0,000004           1         3           gettid
  0,00    0,000004           0         9           prlimit64
  0,00    0,000003           3         1         1 access
  0,00    0,000003           1         2           getdents64
  0,00    0,000002           2         1           arch_prctl
  0,00    0,000002           2         1           set_tid_address
  0,00    0,000002           2         1           set_robust_list
  0,00    0,000002           0         7           epoll_pwait
  0,00    0,000002           0         3           pipe2
  0,00    0,000002           1         2           getrandom
  0,00    0,000002           2         1           rseq
  0,00    0,000001           0         2           epoll_create1
  0,00    0,000000           0         1           uname
  0,00    0,000000           0         1           getcwd
  0,00    0,000000           0         1           sched_getaffinity
  0,00    0,000000           0         1         1 epoll_ctl
  0,00    0,000000           0         2           eventfd2
  0,00    0,000000           0         1           dup3
  0,00    0,000000           0        14           statx
------ ----------- ----------- --------- --------- ------------------
100,00    0,093491           0    101201        42 total

% time     seconds  usecs/call     calls    errors syscall
------ ----------- ----------- --------- --------- ------------------
 99,54    0,926206           0   1000007           write
  0,21    0,001968           1      1221       140 futex
  0,07    0,000693           8        81           munmap
  0,06    0,000547           8        64           madvise
  0,02    0,000232           1       118           mmap
  0,02    0,000229           0       405           getpid
  0,01    0,000134           2        62           read
  0,01    0,000085           1        66           mprotect
  0,01    0,000079           2        33         1 openat
  0,01    0,000065           1        65           rt_sigaction
  0,01    0,000062           0       109           brk
  0,00    0,000035           1        27        14 fcntl
  0,00    0,000033           0        38           close
  0,00    0,000031           0        35           fstat
  0,00    0,000021           1        21         3 ioctl
  0,00    0,000019           2         7         3 newfstatat
  0,00    0,000012           6         2           getdents64
  0,00    0,000011           5         2           io_uring_setup
  0,00    0,000010           0        37           rt_sigprocmask
  0,00    0,000007           0         9           prlimit64
  0,00    0,000006           3         2           readlink
  0,00    0,000005           0        13           getuid
  0,00    0,000005           0        13           geteuid
  0,00    0,000005           0        13           getegid
  0,00    0,000005           0        13           capget
  0,00    0,000004           0        13           getgid
  0,00    0,000003           1         2           epoll_create1
  0,00    0,000003           1         3           pipe2
  0,00    0,000003           1         2           io_uring_enter
  0,00    0,000002           2         1           sched_getaffinity
  0,00    0,000002           1         2           eventfd2
  0,00    0,000002           1         2           getrandom
  0,00    0,000000           0         1         1 access
  0,00    0,000000           0         1           execve
  0,00    0,000000           0         1           uname
  0,00    0,000000           0         1           getcwd
  0,00    0,000000           0         1           arch_prctl
  0,00    0,000000           0         3           gettid
  0,00    0,000000           0         1           set_tid_address
  0,00    0,000000           0         1         1 epoll_ctl
  0,00    0,000000           0         1           set_robust_list
  0,00    0,000000           0         8           epoll_pwait
  0,00    0,000000           0         1           dup3
  0,00    0,000000           0        14           statx
  0,00    0,000000           0         1           rseq
  0,00    0,000000           0        10           clone3
------ ----------- ----------- --------- --------- ------------------
100,00    0,930524           0   1002533       163 total

