
 ====== Lua ====== 

% time     seconds  usecs/call     calls    errors syscall
------ ----------- ----------- --------- --------- ----------------
 36,18    0,000229         229         1           execve
 18,96    0,000120           5        23           mmap
 17,06    0,000108          15         7           openat
  9,32    0,000059           8         7           read
  4,42    0,000028           4         7           mprotect
  4,11    0,000026           2        10           write
  2,21    0,000014           1         8           fstat
  1,90    0,000012          12         1           munmap
  1,74    0,000011           1         7           close
  1,74    0,000011           3         3           brk
  0,47    0,000003           3         1         1 access
  0,32    0,000002           1         2           rt_sigaction
  0,32    0,000002           2         1           arch_prctl
  0,32    0,000002           2         1           set_tid_address
  0,32    0,000002           2         1           prlimit64
  0,32    0,000002           2         1           getrandom
  0,16    0,000001           1         1           set_robust_list
  0,16    0,000001           1         1           rseq
------ ----------- ----------- --------- --------- ----------------
100,00    0,000633           7        83         1 total

% time     seconds  usecs/call     calls    errors syscall
------ ----------- ----------- --------- --------- ----------------
  0,00    0,000000           0         7           read
  0,00    0,000000           0       100           write
  0,00    0,000000           0         7           close
  0,00    0,000000           0         8           fstat
  0,00    0,000000           0        23           mmap
  0,00    0,000000           0         7           mprotect
  0,00    0,000000           0         1           munmap
  0,00    0,000000           0         3           brk
  0,00    0,000000           0         2           rt_sigaction
  0,00    0,000000           0         1         1 access
  0,00    0,000000           0         1           execve
  0,00    0,000000           0         1           arch_prctl
  0,00    0,000000           0         1           set_tid_address
  0,00    0,000000           0         7           openat
  0,00    0,000000           0         1           set_robust_list
  0,00    0,000000           0         1           prlimit64
  0,00    0,000000           0         1           getrandom
  0,00    0,000000           0         1           rseq
------ ----------- ----------- --------- --------- ----------------
100,00    0,000000           0       173         1 total

% time     seconds  usecs/call     calls    errors syscall
------ ----------- ----------- --------- --------- ----------------
 96,33    0,003334           3      1000           write
  0,98    0,000034           1        23           mmap
  0,72    0,000025           3         7           mprotect
  0,52    0,000018           2         7           openat
  0,26    0,000009           9         1           munmap
  0,23    0,000008           1         7           close
  0,20    0,000007           1         7           read
  0,20    0,000007           0         8           fstat
  0,14    0,000005           1         3           brk
  0,12    0,000004           2         2           rt_sigaction
  0,06    0,000002           2         1           set_robust_list
  0,06    0,000002           2         1           prlimit64
  0,06    0,000002           2         1           getrandom
  0,06    0,000002           2         1           rseq
  0,03    0,000001           1         1           arch_prctl
  0,03    0,000001           1         1           set_tid_address
  0,00    0,000000           0         1         1 access
  0,00    0,000000           0         1           execve
------ ----------- ----------- --------- --------- ----------------
100,00    0,003461           3      1073         1 total

% time     seconds  usecs/call     calls    errors syscall
------ ----------- ----------- --------- --------- ----------------
 99,99    0,018814           1     10000           write
  0,01    0,000002           1         2           rt_sigaction
  0,00    0,000000           0         7           read
  0,00    0,000000           0         7           close
  0,00    0,000000           0         8           fstat
  0,00    0,000000           0        23           mmap
  0,00    0,000000           0         7           mprotect
  0,00    0,000000           0         1           munmap
  0,00    0,000000           0         3           brk
  0,00    0,000000           0         1         1 access
  0,00    0,000000           0         1           execve
  0,00    0,000000           0         1           arch_prctl
  0,00    0,000000           0         1           set_tid_address
  0,00    0,000000           0         7           openat
  0,00    0,000000           0         1           set_robust_list
  0,00    0,000000           0         1           prlimit64
  0,00    0,000000           0         1           getrandom
  0,00    0,000000           0         1           rseq
------ ----------- ----------- --------- --------- ----------------
100,00    0,018816           1     10073         1 total

% time     seconds  usecs/call     calls    errors syscall
------ ----------- ----------- --------- --------- ----------------
 99,94    0,214110           2    100000           write
  0,02    0,000034           1        23           mmap
  0,01    0,000027           3         7           mprotect
  0,01    0,000016           2         7           openat
  0,00    0,000009           1         7           read
  0,00    0,000009           9         1           munmap
  0,00    0,000007           0         8           fstat
  0,00    0,000005           0         7           close
  0,00    0,000005           1         3           brk
  0,00    0,000003           1         2           rt_sigaction
  0,00    0,000002           2         1           arch_prctl
  0,00    0,000002           2         1           getrandom
  0,00    0,000002           2         1           rseq
  0,00    0,000001           1         1           set_tid_address
  0,00    0,000001           1         1           set_robust_list
  0,00    0,000001           1         1           prlimit64
  0,00    0,000000           0         1         1 access
  0,00    0,000000           0         1           execve
------ ----------- ----------- --------- --------- ----------------
100,00    0,214234           2    100073         1 total

% time     seconds  usecs/call     calls    errors syscall
------ ----------- ----------- --------- --------- ----------------
 99,99    2,021259           2   1000000           write
  0,00    0,000084           3        23           mmap
  0,00    0,000032           4         7           openat
  0,00    0,000029           4         7           mprotect
  0,00    0,000015           2         7           read
  0,00    0,000014           1         8           fstat
  0,00    0,000011          11         1           munmap
  0,00    0,000010           1         7           close
  0,00    0,000007           2         3           brk
  0,00    0,000003           1         2           rt_sigaction
  0,00    0,000003           3         1           prlimit64
  0,00    0,000002           2         1           arch_prctl
  0,00    0,000002           2         1           set_tid_address
  0,00    0,000002           2         1           set_robust_list
  0,00    0,000002           2         1           getrandom
  0,00    0,000002           2         1           rseq
  0,00    0,000000           0         1         1 access
  0,00    0,000000           0         1           execve
------ ----------- ----------- --------- --------- ----------------
100,00    2,021477           2   1000073         1 total

