
 ====== Python ====== 

% time     seconds  usecs/call     calls    errors syscall
------ ----------- ----------- --------- --------- ----------------
 26,33    0,000273           2       105        35 newfstatat
 14,95    0,000155           4        35         5 openat
 13,69    0,000142           3        37           read
 10,13    0,000105           6        16           getdents64
  6,27    0,000065           0        66           rt_sigaction
  5,98    0,000062           2        21           mmap
  4,63    0,000048           0        49           fstat
  3,57    0,000037           1        31           close
  3,18    0,000033           0        39         2 lseek
  2,70    0,000028           2        11           brk
  2,51    0,000026           1        22        17 ioctl
  2,31    0,000024           4         5           mprotect
  0,96    0,000010           5         2           munmap
  0,77    0,000008           2         4           fcntl
  0,68    0,000007           0        10           write
  0,48    0,000005           1         4         3 readlink
  0,19    0,000002           2         1           set_tid_address
  0,19    0,000002           2         1           prlimit64
  0,19    0,000002           0         3           getrandom
  0,10    0,000001           1         1           arch_prctl
  0,10    0,000001           1         1           set_robust_list
  0,10    0,000001           1         1           rseq
  0,00    0,000000           0         1           open
  0,00    0,000000           0         1         1 access
  0,00    0,000000           0         1           execve
  0,00    0,000000           0         2           getcwd
  0,00    0,000000           0         1           getuid
  0,00    0,000000           0         1           getgid
  0,00    0,000000           0         1           geteuid
  0,00    0,000000           0         1           getegid
  0,00    0,000000           0         1           gettid
  0,00    0,000000           0         1           futex
------ ----------- ----------- --------- --------- ----------------
100,00    0,001037           2       476        63 total

% time     seconds  usecs/call     calls    errors syscall
------ ----------- ----------- --------- --------- ----------------
 37,02    0,000258           2       100           write
 11,33    0,000079           0       105        35 newfstatat
  9,61    0,000067           3        21           mmap
  7,46    0,000052           0        66           rt_sigaction
  7,32    0,000051           1        35         5 openat
  4,45    0,000031           6         5           mprotect
  3,44    0,000024           0        37           read
  3,44    0,000024           2        11           brk
  2,87    0,000020           0        49           fstat
  2,15    0,000015           0        39         2 lseek
  1,87    0,000013           0        31           close
  1,87    0,000013           6         2           munmap
  1,29    0,000009           0        22        17 ioctl
  1,29    0,000009           2         4         3 readlink
  1,00    0,000007           7         1           open
  1,00    0,000007           3         2           getcwd
  0,86    0,000006           2         3           getrandom
  0,29    0,000002           2         1           arch_prctl
  0,29    0,000002           2         1           gettid
  0,29    0,000002           2         1           futex
  0,29    0,000002           2         1           prlimit64
  0,29    0,000002           2         1           rseq
  0,14    0,000001           1         1           set_tid_address
  0,14    0,000001           1         1           set_robust_list
  0,00    0,000000           0         1         1 access
  0,00    0,000000           0         1           execve
  0,00    0,000000           0         4           fcntl
  0,00    0,000000           0         1           getuid
  0,00    0,000000           0         1           getgid
  0,00    0,000000           0         1           geteuid
  0,00    0,000000           0         1           getegid
  0,00    0,000000           0        16           getdents64
------ ----------- ----------- --------- --------- ----------------
100,00    0,000697           1       566        63 total

% time     seconds  usecs/call     calls    errors syscall
------ ----------- ----------- --------- --------- ----------------
 66,22    0,000949           0      1000           write
  8,93    0,000128           1       105        35 newfstatat
  4,61    0,000066           1        35         5 openat
  3,56    0,000051           1        37           read
  2,86    0,000041           2        16           getdents64
  2,09    0,000030           0        49           fstat
  2,09    0,000030           0        39         2 lseek
  1,74    0,000025           0        31           close
  1,54    0,000022           1        21           mmap
  1,26    0,000018           0        66           rt_sigaction
  1,19    0,000017           3         5           mprotect
  1,12    0,000016           0        22        17 ioctl
  0,70    0,000010           0        11           brk
  0,49    0,000007           3         2           munmap
  0,42    0,000006           6         1           open
  0,42    0,000006           2         3           getrandom
  0,28    0,000004           2         2           getcwd
  0,14    0,000002           0         4           fcntl
  0,14    0,000002           2         1           gettid
  0,07    0,000001           0         4         3 readlink
  0,07    0,000001           1         1           futex
  0,07    0,000001           1         1           prlimit64
  0,00    0,000000           0         1         1 access
  0,00    0,000000           0         1           execve
  0,00    0,000000           0         1           getuid
  0,00    0,000000           0         1           getgid
  0,00    0,000000           0         1           geteuid
  0,00    0,000000           0         1           getegid
  0,00    0,000000           0         1           arch_prctl
  0,00    0,000000           0         1           set_tid_address
  0,00    0,000000           0         1           set_robust_list
  0,00    0,000000           0         1           rseq
------ ----------- ----------- --------- --------- ----------------
100,00    0,001433           0      1466        63 total

% time     seconds  usecs/call     calls    errors syscall
------ ----------- ----------- --------- --------- ----------------
 98,90    0,012268           1     10000           write
  0,44    0,000054           0       105        35 newfstatat
  0,16    0,000020           0        21           mmap
  0,11    0,000014           1        11           brk
  0,10    0,000013           0        35         5 openat
  0,06    0,000008           0        37           read
  0,05    0,000006           0        31           close
  0,03    0,000004           0        49           fstat
  0,02    0,000003           0        39         2 lseek
  0,02    0,000003           1         2           getcwd
  0,02    0,000003           0         4         3 readlink
  0,02    0,000002           0        22        17 ioctl
  0,02    0,000002           2         1           futex
  0,02    0,000002           0         3           getrandom
  0,01    0,000001           0        66           rt_sigaction
  0,01    0,000001           1         1           gettid
  0,00    0,000000           0         1           open
  0,00    0,000000           0         5           mprotect
  0,00    0,000000           0         2           munmap
  0,00    0,000000           0         1         1 access
  0,00    0,000000           0         1           execve
  0,00    0,000000           0         4           fcntl
  0,00    0,000000           0         1           getuid
  0,00    0,000000           0         1           getgid
  0,00    0,000000           0         1           geteuid
  0,00    0,000000           0         1           getegid
  0,00    0,000000           0         1           arch_prctl
  0,00    0,000000           0        16           getdents64
  0,00    0,000000           0         1           set_tid_address
  0,00    0,000000           0         1           set_robust_list
  0,00    0,000000           0         1           prlimit64
  0,00    0,000000           0         1           rseq
------ ----------- ----------- --------- --------- ----------------
100,00    0,012404           1     10466        63 total

% time     seconds  usecs/call     calls    errors syscall
------ ----------- ----------- --------- --------- ----------------
 99,70    0,150573           1    100000           write
  0,07    0,000107           6        16           getdents64
  0,05    0,000083           0       105        35 newfstatat
  0,03    0,000048           0        66           rt_sigaction
  0,03    0,000043           1        35         5 openat
  0,02    0,000027           0        49           fstat
  0,01    0,000021           0        31           close
  0,01    0,000020           0        21           mmap
  0,01    0,000019           0        37           read
  0,01    0,000017           0        39         2 lseek
  0,01    0,000016           0        22        17 ioctl
  0,01    0,000013           2         5           mprotect
  0,01    0,000011           1        11           brk
  0,01    0,000008           4         2           munmap
  0,00    0,000007           7         1           open
  0,00    0,000006           2         3           getrandom
  0,00    0,000004           1         4           fcntl
  0,00    0,000003           1         2           getcwd
  0,00    0,000002           2         1           gettid
  0,00    0,000002           2         1           futex
  0,00    0,000002           2         1           prlimit64
  0,00    0,000000           0         1         1 access
  0,00    0,000000           0         1           execve
  0,00    0,000000           0         4         3 readlink
  0,00    0,000000           0         1           getuid
  0,00    0,000000           0         1           getgid
  0,00    0,000000           0         1           geteuid
  0,00    0,000000           0         1           getegid
  0,00    0,000000           0         1           arch_prctl
  0,00    0,000000           0         1           set_tid_address
  0,00    0,000000           0         1           set_robust_list
  0,00    0,000000           0         1           rseq
------ ----------- ----------- --------- --------- ----------------
100,00    0,151032           1    100466        63 total

% time     seconds  usecs/call     calls    errors syscall
------ ----------- ----------- --------- --------- ----------------
 99,97    1,525074           1   1000000           write
  0,01    0,000109           6        16           getdents64
  0,00    0,000074           0       105        35 newfstatat
  0,00    0,000040           1        35         5 openat
  0,00    0,000021           0        49           fstat
  0,00    0,000021           1        21           mmap
  0,00    0,000020           0        66           rt_sigaction
  0,00    0,000018           9         2           munmap
  0,00    0,000017           0        31           close
  0,00    0,000016           0        37           read
  0,00    0,000016           3         5           mprotect
  0,00    0,000013           0        39         2 lseek
  0,00    0,000012           1        11           brk
  0,00    0,000008           2         3           getrandom
  0,00    0,000007           7         1           open
  0,00    0,000007           0        22        17 ioctl
  0,00    0,000003           1         2           getcwd
  0,00    0,000002           2         1           gettid
  0,00    0,000002           2         1           futex
  0,00    0,000001           1         1           getuid
  0,00    0,000001           1         1           getgid
  0,00    0,000001           1         1           geteuid
  0,00    0,000001           1         1           getegid
  0,00    0,000001           1         1           prlimit64
  0,00    0,000000           0         1         1 access
  0,00    0,000000           0         1           execve
  0,00    0,000000           0         4           fcntl
  0,00    0,000000           0         4         3 readlink
  0,00    0,000000           0         1           arch_prctl
  0,00    0,000000           0         1           set_tid_address
  0,00    0,000000           0         1           set_robust_list
  0,00    0,000000           0         1           rseq
------ ----------- ----------- --------- --------- ----------------
100,00    1,525485           1   1000466        63 total

